# JRE version: OpenJDK Runtime Environment Temurin-17.0.7+7 (17.0.7+7) (build 17.0.7+7)
# Java VM: OpenJDK 64-Bit Server VM Temurin-17.0.7+7 (17.0.7+7, mixed mode, tiered, compressed oops, compressed class ptrs, g1 gc, windows-amd64)
GC Precious Log:
 CPUs: 8 total, 8 available
 Memory: 7991M
 Large Page Support: Disabled
 NUMA Support: Disabled
 Compressed Oops: Enabled (32-bit)
 Heap Region Size: 1M
 Heap Min Capacity: 8M
 Heap Initial Capacity: 126M
 Heap Max Capacity: 1998M
 Pre-touch: Disabled
 Parallel Workers: 8
 Concurrent Workers: 2
 Concurrent Refinement Workers: 8
 Periodic GC: Disabled
Heap:
 garbage-first heap   total 76800K, used 21582K [0x0000000083200000, 0x0000000100000000)
  region size 1024K, 2 young (2048K), 2 survivors (2048K)
 Metaspace       used 50536K, committed 50816K, reserved 1114112K
  class space    used 6044K, committed 6208K, reserved 1048576K
GC Heap History (20 events):
Event: 12.705 GC heap before
{Heap before GC invocations=3 (full 0):
 garbage-first heap   total 45056K, used 33467K [0x0000000083200000, 0x0000000100000000)
  region size 1024K, 26 young (26624K), 4 survivors (4096K)
 Metaspace       used 30519K, committed 30720K, reserved 1114112K
  class space    used 3962K, committed 4032K, reserved 1048576K
}
Event: 12.710 GC heap after
{Heap after GC invocations=4 (full 0):
 garbage-first heap   total 45056K, used 14142K [0x0000000083200000, 0x0000000100000000)
  region size 1024K, 4 young (4096K), 4 survivors (4096K)
 Metaspace       used 30519K, committed 30720K, reserved 1114112K
  class space    used 3962K, committed 4032K, reserved 1048576K
}
Event: 16.754 GC heap before
{Heap before GC invocations=4 (full 0):
 garbage-first heap   total 45056K, used 15166K [0x0000000083200000, 0x0000000100000000)
  region size 1024K, 5 young (5120K), 4 survivors (4096K)
 Metaspace       used 30999K, committed 31296K, reserved 1114112K
  class space    used 4013K, committed 4160K, reserved 1048576K
}
Event: 16.757 GC heap after
{Heap after GC invocations=5 (full 0):
 garbage-first heap   total 45056K, used 14674K [0x0000000083200000, 0x0000000100000000)
  region size 1024K, 1 young (1024K), 1 survivors (1024K)
 Metaspace       used 30999K, committed 31296K, reserved 1114112K
  class space    used 4013K, committed 4160K, reserved 1048576K
}
Event: 18.059 GC heap before
{Heap before GC invocations=5 (full 0):
 garbage-first heap   total 45056K, used 23890K [0x0000000083200000, 0x0000000100000000)
  region size 1024K, 12 young (12288K), 1 survivors (1024K)
 Metaspace       used 35974K, committed 36096K, reserved 1114112K
  class space    used 4535K, committed 4608K, reserved 1048576K
}
Event: 18.062 GC heap after
{Heap after GC invocations=6 (full 0):
 garbage-first heap   total 45056K, used 15933K [0x0000000083200000, 0x0000000100000000)
  region size 1024K, 2 young (2048K), 2 survivors (2048K)
 Metaspace       used 35974K, committed 36096K, reserved 1114112K
  class space    used 4535K, committed 4608K, reserved 1048576K
}
Event: 18.903 GC heap before
{Heap before GC invocations=7 (full 0):
 garbage-first heap   total 45056K, used 32317K [0x0000000083200000, 0x0000000100000000)
  region size 1024K, 18 young (18432K), 2 survivors (2048K)
 Metaspace       used 43667K, committed 43904K, reserved 1114112K
  class space    used 5311K, committed 5440K, reserved 1048576K
}
Event: 18.906 GC heap after
{Heap after GC invocations=8 (full 0):
 garbage-first heap   total 45056K, used 17548K [0x0000000083200000, 0x0000000100000000)
  region size 1024K, 2 young (2048K), 2 survivors (2048K)
 Metaspace       used 43667K, committed 43904K, reserved 1114112K
  class space    used 5311K, committed 5440K, reserved 1048576K
}
Event: 18.916 GC heap before
{Heap before GC invocations=8 (full 0):
 garbage-first heap   total 45056K, used 17548K [0x0000000083200000, 0x0000000100000000)
  region size 1024K, 3 young (3072K), 2 survivors (2048K)
 Metaspace       used 44026K, committed 44224K, reserved 1114112K
  class space    used 5337K, committed 5440K, reserved 1048576K
}
Event: 18.918 GC heap after
{Heap after GC invocations=9 (full 0):
 garbage-first heap   total 45056K, used 17745K [0x0000000083200000, 0x0000000100000000)
  region size 1024K, 1 young (1024K), 1 survivors (1024K)
 Metaspace       used 44026K, committed 44224K, reserved 1114112K
  class space    used 5337K, committed 5440K, reserved 1048576K
}
Event: 19.075 GC heap before
{Heap before GC invocations=9 (full 0):
 garbage-first heap   total 45056K, used 33105K [0x0000000083200000, 0x0000000100000000)
  region size 1024K, 16 young (16384K), 1 survivors (1024K)
 Metaspace       used 48393K, committed 48640K, reserved 1114112K
  class space    used 5810K, committed 5888K, reserved 1048576K
}
Event: 19.077 GC heap after
{Heap after GC invocations=10 (full 0):
 garbage-first heap   total 45056K, used 19076K [0x0000000083200000, 0x0000000100000000)
  region size 1024K, 2 young (2048K), 2 survivors (2048K)
 Metaspace       used 48393K, committed 48640K, reserved 1114112K
  class space    used 5810K, committed 5888K, reserved 1048576K
}
Event: 1803.373 GC heap before
{Heap before GC invocations=10 (full 0):
 garbage-first heap   total 45056K, used 32388K [0x0000000083200000, 0x0000000100000000)
  region size 1024K, 16 young (16384K), 2 survivors (2048K)
 Metaspace       used 50289K, committed 50560K, reserved 1114112K
  class space    used 6043K, committed 6208K, reserved 1048576K
}
Event: 1805.028 GC heap after
{Heap after GC invocations=11 (full 0):
 garbage-first heap   total 76800K, used 20620K [0x0000000083200000, 0x0000000100000000)
  region size 1024K, 2 young (2048K), 2 survivors (2048K)
 Metaspace       used 50289K, committed 50560K, reserved 1114112K
  class space    used 6043K, committed 6208K, reserved 1048576K
}
Event: 1811.561 GC heap before
{Heap before GC invocations=11 (full 0):
 garbage-first heap   total 76800K, used 21644K [0x0000000083200000, 0x0000000100000000)
  region size 1024K, 3 young (3072K), 2 survivors (2048K)
 Metaspace       used 50315K, committed 50624K, reserved 1114112K
  class space    used 6043K, committed 6208K, reserved 1048576K
}
Event: 1811.563 GC heap after
{Heap after GC invocations=12 (full 0):
 garbage-first heap   total 76800K, used 20585K [0x0000000083200000, 0x0000000100000000)
  region size 1024K, 1 young (1024K), 1 survivors (1024K)
 Metaspace       used 50315K, committed 50624K, reserved 1114112K
  class space    used 6043K, committed 6208K, reserved 1048576K
}
Event: 1819.347 GC heap before
{Heap before GC invocations=12 (full 0):
 garbage-first heap   total 76800K, used 22633K [0x0000000083200000, 0x0000000100000000)
  region size 1024K, 3 young (3072K), 1 survivors (1024K)
 Metaspace       used 50336K, committed 50624K, reserved 1114112K
  class space    used 6043K, committed 6208K, reserved 1048576K
}
Event: 1819.454 GC heap after
{Heap after GC invocations=13 (full 0):
 garbage-first heap   total 76800K, used 20836K [0x0000000083200000, 0x0000000100000000)
  region size 1024K, 1 young (1024K), 1 survivors (1024K)
 Metaspace       used 50336K, committed 50624K, reserved 1114112K
  class space    used 6043K, committed 6208K, reserved 1048576K
}
Event: 5322.406 GC heap before
{Heap before GC invocations=13 (full 0):
 garbage-first heap   total 76800K, used 29028K [0x0000000083200000, 0x0000000100000000)
  region size 1024K, 10 young (10240K), 1 survivors (1024K)
 Metaspace       used 50536K, committed 50816K, reserved 1114112K
  class space    used 6044K, committed 6208K, reserved 1048576K
}
Event: 5371.889 GC heap after
{Heap after GC invocations=14 (full 0):
 garbage-first heap   total 76800K, used 21582K [0x0000000083200000, 0x0000000100000000)
  region size 1024K, 2 young (2048K), 2 survivors (2048K)
 Metaspace       used 50536K, committed 50816K, reserved 1114112K
  class space    used 6044K, committed 6208K, reserved 1048576K
}

